<?xml version="1.0" encoding="UTF-8"?>
<!-- Generated by org.testng.reporters.JUnitReportReporter -->
<testsuite skipped="0" hostname="MAVBCP3337" name="com.picnic.CrossBrowserScript" tests="1" failures="0" timestamp="2021-09-17T12:22:04 IST" time="14.921" errors="0">
  <testcase name="testParameterWithXML" time="14.921" classname="com.picnic.CrossBrowserScript"/>
  <system-out/>
</testsuite> <!-- com.picnic.CrossBrowserScript -->
