<?xml version="1.0" encoding="UTF-8"?>
<!-- Generated by org.testng.reporters.JUnitReportReporter -->
<testsuite hostname="MAVBCP3337" failures="0" tests="1" name="com.picnic.VerifyLogin" time="20.116" errors="0" timestamp="2021-09-15T18:20:03 IST" skipped="0">
  <testcase classname="com.picnic.VerifyLogin" name="verifyValidLogin" time="20.116"/>
  <system-out/>
</testsuite> <!-- com.picnic.VerifyLogin -->
