<?xml version="1.0" encoding="UTF-8"?>
<!-- Generated by org.testng.reporters.JUnitReportReporter -->
<testsuite hostname="MAVBCP3337" failures="0" tests="2" name="com.picnic.SampleSelenium" time="15.660" errors="0" timestamp="2021-09-15T17:51:51 IST" skipped="0">
  <testcase classname="com.picnic.SampleSelenium" name="TestMethod2" time="6.875"/>
  <system-out/>
  <testcase classname="com.picnic.SampleSelenium" name="TestMethod" time="8.785"/>
  <system-out/>
</testsuite> <!-- com.picnic.SampleSelenium -->
