<?xml version="1.0" encoding="UTF-8"?>
<!-- Generated by org.testng.reporters.JUnitReportReporter -->
<testsuite skipped="0" hostname="MAVBCP3337" name="com.picnic.CrossBrowserScript" tests="2" failures="0" timestamp="2021-09-17T12:23:19 IST" time="29.893" errors="0">
  <testcase name="testParameterWithXML" time="13.628" classname="com.picnic.CrossBrowserScript"/>
  <system-out/>
  <testcase name="testParameterWithXML" time="16.265" classname="com.picnic.CrossBrowserScript"/>
  <system-out/>
</testsuite> <!-- com.picnic.CrossBrowserScript -->
